<?xml version="1.0" encoding="UTF-8"?>
<!-- Generated by org.testng.reporters.JUnitReportReporter -->
<testsuite hostname="DESKTOP-02U99FU" failures="0" tests="1" name="SeleniumFramework.Training.Demo2" time="0.015" errors="0" timestamp="2025-05-14T19:11:17 IST" skipped="0">
  <testcase classname="SeleniumFramework.Training.Demo2" name="test" time="0.015"/>
</testsuite> <!-- SeleniumFramework.Training.Demo2 -->
