<?xml version="1.0" encoding="UTF-8"?>
<!-- Generated by org.testng.reporters.JUnitReportReporter -->
<testsuite hostname="DESKTOP-02U99FU" failures="0" tests="1" name="SeleniumFramework.Training.Demo" time="0.018" errors="0" timestamp="2025-05-14T18:42:50 IST" skipped="0">
  <testcase classname="SeleniumFramework.Training.Demo" name="test" time="0.018"/>
</testsuite> <!-- SeleniumFramework.Training.Demo -->
