<?xml version="1.0" encoding="UTF-8"?>
<!-- Generated by org.testng.reporters.JUnitReportReporter -->
<testsuite hostname="DESKTOP-02U99FU" failures="0" tests="3" name="Training.SeleniumFrameworkDesign.shopping" time="60.158" errors="0" timestamp="2025-05-17T15:37:41 IST" skipped="0">
  <testcase classname="Training.SeleniumFrameworkDesign.shopping" name="purchase" time="26.865"/>
  <testcase classname="Training.SeleniumFrameworkDesign.shopping" name="OrderHistorycheck" time="8.463"/>
  <testcase classname="Training.SeleniumFrameworkDesign.shopping" name="purchase" time="24.830"/>
</testsuite> <!-- Training.SeleniumFrameworkDesign.shopping -->
