<?xml version="1.0" encoding="UTF-8"?>
<!-- Generated by org.testng.reporters.JUnitReportReporter -->
<testsuite hostname="DESKTOP-02U99FU" failures="0" tests="1" name="Cucumber.TestNGTestRunner" time="28.430" errors="0" timestamp="2025-05-20T17:20:48 IST" skipped="0">
  <testcase classname="Cucumber.TestNGTestRunner" name="runScenario" time="28.430"/>
</testsuite> <!-- Cucumber.TestNGTestRunner -->
