<?xml version="1.0" encoding="UTF-8"?>
<!-- Generated by org.testng.reporters.JUnitReportReporter -->
<testsuite hostname="DESKTOP-02U99FU" failures="0" tests="2" name="Training.SeleniumFrameworkDesign.Errorvalidation" time="44.114" errors="0" timestamp="2025-05-18T13:16:44 IST" skipped="0">
  <testcase classname="Training.SeleniumFrameworkDesign.Errorvalidation" name="LoginCheck" time="10.390"/>
  <testcase classname="Training.SeleniumFrameworkDesign.Errorvalidation" name="Cartcheck" time="33.724"/>
</testsuite> <!-- Training.SeleniumFrameworkDesign.Errorvalidation -->
