<?xml version="1.0" encoding="UTF-8"?>
<!-- Generated by org.testng.reporters.JUnitReportReporter -->
<testsuite hostname="DESKTOP-02U99FU" failures="0" tests="3" name="Training.SeleniumFrameworkDesign.shopping" time="60.579" errors="0" timestamp="2025-05-20T17:46:09 IST" skipped="0">
  <testcase classname="Training.SeleniumFrameworkDesign.shopping" name="purchase" time="27.730"/>
  <testcase classname="Training.SeleniumFrameworkDesign.shopping" name="purchase" time="24.696"/>
  <testcase classname="Training.SeleniumFrameworkDesign.shopping" name="OrderHistorycheck" time="8.153"/>
</testsuite> <!-- Training.SeleniumFrameworkDesign.shopping -->
